
VCFtools - v0.1.13
(C) Adam Auton and Anthony Marcketta 2009

Parameters as interpreted:
	--gzvcf /wehisan/bioinf/lab_bahlo/users/robertson.e/R_package_github/FoundHaplo/input_files/public_data/1000G_control_haplotypes/1000G_haplotypes_original/ALL.chr8.phase3_shapeit2_mvncall_integrated_v5a.20130502.genotypes.vcf.gz
	--chr 8
	--to-bp 0
	--keep /wehisan/bioinf/lab_bahlo/users/robertson.e/R_package_github/FoundHaplo/input_files/public_data/1000G_control_haplotypes/1000G_haplotypes_samples_by_population/AFR.txt
	--recode-INFO-all
	--max-alleles 2
	--min-alleles 2
	--recode
	--remove-indels
	--from-bp 0
	--stdout

Using zlib version: 1.2.7
Keeping individuals in 'keep' list
After filtering, kept 661 out of 2504 Individuals
Outputting VCF file...
After filtering, kept 0 out of a possible 4597105 Sites
No data left for analysis!
Run Time = 273.00 seconds
